
ROM used: 670 (33%)
          670 (33%) including unused fragments

          1 Average locations per line
          3 Average locations per statement

RAM used: 19 (8%) at main() level
          21 (9%) worst case

Stack used: 4 worst case (out of 8 total available)

Lines Stmts  %   Files
----- ----- ---  -----
  310   212 100  NokiaPIC.c
   31     0   0  NokiaPIC.h
  223     0   0  C:\Program Files\PICC\devices\16F628A.h
----- -----
  564   212 Total

Page ROM  %  RAM   Vol Diff  Functions:
---- --- --- ---   --- ----  ----------
0     20   3   1             @delay_ms1
0     65  10   0   352  1.4  nk_version
 Inline        0   627  1.4  nk_call
0     57   9   0   300  1.4  nk_reset
 Inline        0   352  1.4  nk_break
0     19   3   2    98  2.9  nk_sync
 Inline        1    96  1.3  Alarm_ON
 Inline        1    96  1.3  Alarm_OFF
0    118  18   1   123  1.3  button_1
0     78  12   1   123  1.3  button_2
0      7   1   0    74  1.6  Init_Var
0     20   3   1   149  1.3  Init_Main
0     56   8   1   380  3.3  DTMF_Dec
0     50   7   0   352  3.3  timer1_isr
0    131  20   1  1314  5.4  MAIN

Program metrics:
    Functions               14
    Statements              212
    Comments                75
    Volume (V)              7292
    Difficilty (D)          29.2
    Effort to implement (E) 212844
    Time to implement (T)   3 hours, 17 minutes
    Est Delivered Bugs (B)  1
    Cyclomatic Complexity   18
    Maintainability (MI)    73

 Segment     Used  Free
-----------  ----  ----
00000-00003     4  0  
00004-00030    45  0  
00031-007FF   621  1378  



