;  LST file generated by mikroListExporter - v.2.0 
; Date/Time: 31/01/2012 23:49:43
;----------------------------------------------

;Address Opcode 	ASM
0x0000	0x292A      	GOTO       298
_interrupt:
0x0004	0x00FF      	MOVWF      R15
0x0005	0x0E03      	SWAPF      STATUS, 0
0x0006	0x0183      	CLRF       STATUS
0x0007	0x00A7      	MOVWF      ___saveSTATUS
0x0008	0x080A      	MOVF       PCLATH, 0
0x0009	0x00A8      	MOVWF      ___savePCLATH
0x000A	0x018A      	CLRF       PCLATH
0x000B	0x0870      	MOVF       R0, 0
0x000C	0x00A4      	MOVWF      36
0x000D	0x0871      	MOVF       R1, 0
0x000E	0x00A3      	MOVWF      35
0x000F	0x087B      	MOVF       R11, 0
0x0010	0x00A2      	MOVWF      34
0x0011	0x087C      	MOVF       R12, 0
0x0012	0x00A1      	MOVWF      33
0x0013	0x087D      	MOVF       R13, 0
0x0014	0x00A0      	MOVWF      32
;NokiaPIC.mbas,153 :: 		sub procedure interrupt
;NokiaPIC.mbas,154 :: 		if TestBit(INTCON, INTF) = 1 then  'se dispara la alarma
0x0015	0x01F1      	CLRF       R1
0x0016	0x1C8B      	BTFSS      INTCON, 1
0x0017	0x281A      	GOTO       L__interrupt16
0x0018	0x3001      	MOVLW      1
0x0019	0x00F1      	MOVWF      R1
L__interrupt16:
0x001A	0x0871      	MOVF       R1, 0
0x001B	0x3A01      	XORLW      1
0x001C	0x1D03      	BTFSS      STATUS, 2
0x001D	0x285D      	GOTO       L__interrupt14
;NokiaPIC.mbas,155 :: 		clearbit(PORTA,1)
0x001E	0x1085      	BCF        PORTA, 1
;NokiaPIC.mbas,156 :: 		delay_ms(3000)
0x001F	0x304D      	MOVLW      77
0x0020	0x00FB      	MOVWF      R11
0x0021	0x3019      	MOVLW      25
0x0022	0x00FC      	MOVWF      R12
0x0023	0x304F      	MOVLW      79
0x0024	0x00FD      	MOVWF      R13
L__interrupt17:
0x0025	0x0BFD      	DECFSZ     R13, 1
0x0026	0x2825      	GOTO       L__interrupt17
0x0027	0x0BFC      	DECFSZ     R12, 1
0x0028	0x2825      	GOTO       L__interrupt17
0x0029	0x0BFB      	DECFSZ     R11, 1
0x002A	0x2825      	GOTO       L__interrupt17
0x002B	0x0000      	NOP
0x002C	0x0000      	NOP
;NokiaPIC.mbas,157 :: 		if testbit(PORTB,0) = 1 then
0x002D	0x01F1      	CLRF       R1
0x002E	0x1C06      	BTFSS      PORTB, 0
0x002F	0x2832      	GOTO       L__interrupt21
0x0030	0x3001      	MOVLW      1
0x0031	0x00F1      	MOVWF      R1
L__interrupt21:
0x0032	0x0871      	MOVF       R1, 0
0x0033	0x3A01      	XORLW      1
0x0034	0x1D03      	BTFSS      STATUS, 2
0x0035	0x285D      	GOTO       L__interrupt19
;NokiaPIC.mbas,158 :: 		delay_ms(3000)
0x0036	0x304D      	MOVLW      77
0x0037	0x00FB      	MOVWF      R11
0x0038	0x3019      	MOVLW      25
0x0039	0x00FC      	MOVWF      R12
0x003A	0x304F      	MOVLW      79
0x003B	0x00FD      	MOVWF      R13
L__interrupt22:
0x003C	0x0BFD      	DECFSZ     R13, 1
0x003D	0x283C      	GOTO       L__interrupt22
0x003E	0x0BFC      	DECFSZ     R12, 1
0x003F	0x283C      	GOTO       L__interrupt22
0x0040	0x0BFB      	DECFSZ     R11, 1
0x0041	0x283C      	GOTO       L__interrupt22
0x0042	0x0000      	NOP
0x0043	0x0000      	NOP
;NokiaPIC.mbas,159 :: 		if testbit(PORTB,0) = 1 then
0x0044	0x01F1      	CLRF       R1
0x0045	0x1C06      	BTFSS      PORTB, 0
0x0046	0x2849      	GOTO       L__interrupt26
0x0047	0x3001      	MOVLW      1
0x0048	0x00F1      	MOVWF      R1
L__interrupt26:
0x0049	0x0871      	MOVF       R1, 0
0x004A	0x3A01      	XORLW      1
0x004B	0x1D03      	BTFSS      STATUS, 2
0x004C	0x285D      	GOTO       L__interrupt24
;NokiaPIC.mbas,160 :: 		setbit(PORTA , 0)
0x004D	0x1405      	BSF        PORTA, 0
;NokiaPIC.mbas,161 :: 		delay_ms(6000)
0x004E	0x3099      	MOVLW      153
0x004F	0x00FB      	MOVWF      R11
0x0050	0x3031      	MOVLW      49
0x0051	0x00FC      	MOVWF      R12
0x0052	0x30A2      	MOVLW      162
0x0053	0x00FD      	MOVWF      R13
L__interrupt27:
0x0054	0x0BFD      	DECFSZ     R13, 1
0x0055	0x2854      	GOTO       L__interrupt27
0x0056	0x0BFC      	DECFSZ     R12, 1
0x0057	0x2854      	GOTO       L__interrupt27
0x0058	0x0BFB      	DECFSZ     R11, 1
0x0059	0x2854      	GOTO       L__interrupt27
0x005A	0x0000      	NOP
;NokiaPIC.mbas,162 :: 		clearbit(PORTA, 0)
0x005B	0x1005      	BCF        PORTA, 0
;NokiaPIC.mbas,164 :: 		Alarm_Disp
0x005C	0x20FA      	CALL       _Alarm_Disp
L__interrupt24:
;NokiaPIC.mbas,165 :: 		end if
L__interrupt19:
;NokiaPIC.mbas,166 :: 		end if
L__interrupt14:
;NokiaPIC.mbas,174 :: 		INTCON = 0x98
0x005D	0x3098      	MOVLW      152
0x005E	0x008B      	MOVWF      INTCON
;NokiaPIC.mbas,175 :: 		end sub
L__interrupt41:
0x005F	0x0824      	MOVF       36, 0
0x0060	0x00F0      	MOVWF      R0
0x0061	0x0823      	MOVF       35, 0
0x0062	0x00F1      	MOVWF      R1
0x0063	0x0822      	MOVF       34, 0
0x0064	0x00FB      	MOVWF      R11
0x0065	0x0821      	MOVF       33, 0
0x0066	0x00FC      	MOVWF      R12
0x0067	0x0820      	MOVF       32, 0
0x0068	0x00FD      	MOVWF      R13
0x0069	0x0828      	MOVF       ___savePCLATH, 0
0x006A	0x008A      	MOVWF      PCLATH
0x006B	0x0E27      	SWAPF      ___saveSTATUS, 0
0x006C	0x0083      	MOVWF      STATUS
0x006D	0x0EFF      	SWAPF      R15, 1
0x006E	0x0E7F      	SWAPF      R15, 0
0x006F	0x0009      	RETFIE
; end of _interrupt
_UART1_Write:
;__Lib_UART_b21.mpas,69 :: 		
;__Lib_UART_b21.mpas,70 :: 		
L__UART1_Write14:
0x0070	0x1683      	BSF        STATUS, 5
0x0071	0x1303      	BCF        STATUS, 6
0x0072	0x1898      	BTFSC      TXSTA, 1
0x0073	0x2876      	GOTO       L__UART1_Write15
0x0074	0x0000      	NOP
0x0075	0x2870      	GOTO       L__UART1_Write14
L__UART1_Write15:
;__Lib_UART_b21.mpas,71 :: 		
0x0076	0x1283      	BCF        STATUS, 5
0x0077	0x082A      	MOVF       FARG_UART1_Write_data_, 0
0x0078	0x0099      	MOVWF      TXREG
;__Lib_UART_b21.mpas,72 :: 		
0x0079	0x0008      	RETURN
; end of _UART1_Write
_NK_Sync:
;NokiaPIC.mbas,25 :: 		dim i as byte
;NokiaPIC.mbas,26 :: 		for i=1 to 128
0x007A	0x3001      	MOVLW      1
0x007B	0x1283      	BCF        STATUS, 5
0x007C	0x1303      	BCF        STATUS, 6
0x007D	0x00A9      	MOVWF      NK_Sync_i
L__NK_Sync3:
;NokiaPIC.mbas,27 :: 		UART1_Write(0x55)
0x007E	0x3055      	MOVLW      85
0x007F	0x00AA      	MOVWF      FARG_UART1_Write_data_
0x0080	0x2070      	CALL       _UART1_Write
;NokiaPIC.mbas,28 :: 		next i
0x0081	0x0829      	MOVF       NK_Sync_i, 0
0x0082	0x3A80      	XORLW      128
0x0083	0x1903      	BTFSC      STATUS, 2
0x0084	0x2887      	GOTO       L__NK_Sync6
0x0085	0x0AA9      	INCF       NK_Sync_i, 1
0x0086	0x287E      	GOTO       L__NK_Sync3
L__NK_Sync6:
;NokiaPIC.mbas,29 :: 		end sub
0x0087	0x0008      	RETURN
; end of _NK_Sync
_NK_Rst:
;NokiaPIC.mbas,6 :: 		sub procedure NK_Rst   'Cadena para resetear el celular
;NokiaPIC.mbas,8 :: 		UART1_Write(0x1E)
0x0088	0x301E      	MOVLW      30
0x0089	0x1283      	BCF        STATUS, 5
0x008A	0x1303      	BCF        STATUS, 6
0x008B	0x00AA      	MOVWF      FARG_UART1_Write_data_
0x008C	0x2070      	CALL       _UART1_Write
;NokiaPIC.mbas,9 :: 		UART1_Write(0x00)
0x008D	0x01AA      	CLRF       FARG_UART1_Write_data_
0x008E	0x2070      	CALL       _UART1_Write
;NokiaPIC.mbas,10 :: 		UART1_Write(0x0C)
0x008F	0x300C      	MOVLW      12
0x0090	0x00AA      	MOVWF      FARG_UART1_Write_data_
0x0091	0x2070      	CALL       _UART1_Write
;NokiaPIC.mbas,11 :: 		UART1_Write(0x40)
0x0092	0x3040      	MOVLW      64
0x0093	0x00AA      	MOVWF      FARG_UART1_Write_data_
0x0094	0x2070      	CALL       _UART1_Write
;NokiaPIC.mbas,12 :: 		UART1_Write(0x00)
0x0095	0x01AA      	CLRF       FARG_UART1_Write_data_
0x0096	0x2070      	CALL       _UART1_Write
;NokiaPIC.mbas,13 :: 		UART1_Write(0x06)
0x0097	0x3006      	MOVLW      6
0x0098	0x00AA      	MOVWF      FARG_UART1_Write_data_
0x0099	0x2070      	CALL       _UART1_Write
;NokiaPIC.mbas,14 :: 		UART1_Write(0x00)
0x009A	0x01AA      	CLRF       FARG_UART1_Write_data_
0x009B	0x2070      	CALL       _UART1_Write
;NokiaPIC.mbas,15 :: 		UART1_Write(0x01)
0x009C	0x3001      	MOVLW      1
0x009D	0x00AA      	MOVWF      FARG_UART1_Write_data_
0x009E	0x2070      	CALL       _UART1_Write
;NokiaPIC.mbas,16 :: 		UART1_Write(0x64)
0x009F	0x3064      	MOVLW      100
0x00A0	0x00AA      	MOVWF      FARG_UART1_Write_data_
0x00A1	0x2070      	CALL       _UART1_Write
;NokiaPIC.mbas,17 :: 		UART1_Write(0x03)
0x00A2	0x3003      	MOVLW      3
0x00A3	0x00AA      	MOVWF      FARG_UART1_Write_data_
0x00A4	0x2070      	CALL       _UART1_Write
;NokiaPIC.mbas,18 :: 		UART1_Write(0x01)
0x00A5	0x3001      	MOVLW      1
0x00A6	0x00AA      	MOVWF      FARG_UART1_Write_data_
0x00A7	0x2070      	CALL       _UART1_Write
;NokiaPIC.mbas,19 :: 		UART1_Write(0x60)
0x00A8	0x3060      	MOVLW      96
0x00A9	0x00AA      	MOVWF      FARG_UART1_Write_data_
0x00AA	0x2070      	CALL       _UART1_Write
;NokiaPIC.mbas,20 :: 		UART1_Write(0x77)
0x00AB	0x3077      	MOVLW      119
0x00AC	0x00AA      	MOVWF      FARG_UART1_Write_data_
0x00AD	0x2070      	CALL       _UART1_Write
;NokiaPIC.mbas,21 :: 		UART1_Write(0x24)
0x00AE	0x3024      	MOVLW      36
0x00AF	0x00AA      	MOVWF      FARG_UART1_Write_data_
0x00B0	0x2070      	CALL       _UART1_Write
;NokiaPIC.mbas,22 :: 		end sub
0x00B1	0x0008      	RETURN
; end of _NK_Rst
_NK_Call:
;NokiaPIC.mbas,115 :: 		sub procedure NK_Call    'Cadena para llamar a Nro de memoria 2
;NokiaPIC.mbas,117 :: 		UART1_Write(0x1E)
0x00B2	0x301E      	MOVLW      30
0x00B3	0x1283      	BCF        STATUS, 5
0x00B4	0x1303      	BCF        STATUS, 6
0x00B5	0x00AA      	MOVWF      FARG_UART1_Write_data_
0x00B6	0x2070      	CALL       _UART1_Write
;NokiaPIC.mbas,118 :: 		UART1_Write(0x00)
0x00B7	0x01AA      	CLRF       FARG_UART1_Write_data_
0x00B8	0x2070      	CALL       _UART1_Write
;NokiaPIC.mbas,119 :: 		UART1_Write(0x10)
0x00B9	0x3010      	MOVLW      16
0x00BA	0x00AA      	MOVWF      FARG_UART1_Write_data_
0x00BB	0x2070      	CALL       _UART1_Write
;NokiaPIC.mbas,120 :: 		UART1_Write(0x01)
0x00BC	0x3001      	MOVLW      1
0x00BD	0x00AA      	MOVWF      FARG_UART1_Write_data_
0x00BE	0x2070      	CALL       _UART1_Write
;NokiaPIC.mbas,121 :: 		UART1_Write(0x00)
0x00BF	0x01AA      	CLRF       FARG_UART1_Write_data_
0x00C0	0x2070      	CALL       _UART1_Write
;NokiaPIC.mbas,122 :: 		UART1_Write(0x11)
0x00C1	0x3011      	MOVLW      17
0x00C2	0x00AA      	MOVWF      FARG_UART1_Write_data_
0x00C3	0x2070      	CALL       _UART1_Write
;NokiaPIC.mbas,123 :: 		UART1_Write(0x00)
0x00C4	0x01AA      	CLRF       FARG_UART1_Write_data_
0x00C5	0x2070      	CALL       _UART1_Write
;NokiaPIC.mbas,124 :: 		UART1_Write(0x01)
0x00C6	0x3001      	MOVLW      1
0x00C7	0x00AA      	MOVWF      FARG_UART1_Write_data_
0x00C8	0x2070      	CALL       _UART1_Write
;NokiaPIC.mbas,125 :: 		UART1_Write(0x00)
0x00C9	0x01AA      	CLRF       FARG_UART1_Write_data_
0x00CA	0x2070      	CALL       _UART1_Write
;NokiaPIC.mbas,126 :: 		UART1_Write(0x01)
0x00CB	0x3001      	MOVLW      1
0x00CC	0x00AA      	MOVWF      FARG_UART1_Write_data_
0x00CD	0x2070      	CALL       _UART1_Write
;NokiaPIC.mbas,127 :: 		UART1_Write(0x01)
0x00CE	0x3001      	MOVLW      1
0x00CF	0x00AA      	MOVWF      FARG_UART1_Write_data_
0x00D0	0x2070      	CALL       _UART1_Write
;NokiaPIC.mbas,128 :: 		UART1_Write(0x00)
0x00D1	0x01AA      	CLRF       FARG_UART1_Write_data_
0x00D2	0x2070      	CALL       _UART1_Write
;NokiaPIC.mbas,129 :: 		UART1_Write(0x32)
0x00D3	0x3032      	MOVLW      50
0x00D4	0x00AA      	MOVWF      FARG_UART1_Write_data_
0x00D5	0x2070      	CALL       _UART1_Write
;NokiaPIC.mbas,130 :: 		UART1_Write(0x05)
0x00D6	0x3005      	MOVLW      5
0x00D7	0x00AA      	MOVWF      FARG_UART1_Write_data_
0x00D8	0x2070      	CALL       _UART1_Write
;NokiaPIC.mbas,131 :: 		UART1_Write(0x01)
0x00D9	0x3001      	MOVLW      1
0x00DA	0x00AA      	MOVWF      FARG_UART1_Write_data_
0x00DB	0x2070      	CALL       _UART1_Write
;NokiaPIC.mbas,132 :: 		UART1_Write(0x05)
0x00DC	0x3005      	MOVLW      5
0x00DD	0x00AA      	MOVWF      FARG_UART1_Write_data_
0x00DE	0x2070      	CALL       _UART1_Write
;NokiaPIC.mbas,133 :: 		UART1_Write(0x00)
0x00DF	0x01AA      	CLRF       FARG_UART1_Write_data_
0x00E0	0x2070      	CALL       _UART1_Write
;NokiaPIC.mbas,134 :: 		UART1_Write(0x02)
0x00E1	0x3002      	MOVLW      2
0x00E2	0x00AA      	MOVWF      FARG_UART1_Write_data_
0x00E3	0x2070      	CALL       _UART1_Write
;NokiaPIC.mbas,135 :: 		UART1_Write(0x00)
0x00E4	0x01AA      	CLRF       FARG_UART1_Write_data_
0x00E5	0x2070      	CALL       _UART1_Write
;NokiaPIC.mbas,136 :: 		UART1_Write(0x00)
0x00E6	0x01AA      	CLRF       FARG_UART1_Write_data_
0x00E7	0x2070      	CALL       _UART1_Write
;NokiaPIC.mbas,137 :: 		UART1_Write(0x01)
0x00E8	0x3001      	MOVLW      1
0x00E9	0x00AA      	MOVWF      FARG_UART1_Write_data_
0x00EA	0x2070      	CALL       _UART1_Write
;NokiaPIC.mbas,138 :: 		UART1_Write(0x01)
0x00EB	0x3001      	MOVLW      1
0x00EC	0x00AA      	MOVWF      FARG_UART1_Write_data_
0x00ED	0x2070      	CALL       _UART1_Write
;NokiaPIC.mbas,139 :: 		UART1_Write(0x45)
0x00EE	0x3045      	MOVLW      69
0x00EF	0x00AA      	MOVWF      FARG_UART1_Write_data_
0x00F0	0x2070      	CALL       _UART1_Write
;NokiaPIC.mbas,140 :: 		UART1_Write(0x00)
0x00F1	0x01AA      	CLRF       FARG_UART1_Write_data_
0x00F2	0x2070      	CALL       _UART1_Write
;NokiaPIC.mbas,141 :: 		UART1_Write(0x78)
0x00F3	0x3078      	MOVLW      120
0x00F4	0x00AA      	MOVWF      FARG_UART1_Write_data_
0x00F5	0x2070      	CALL       _UART1_Write
;NokiaPIC.mbas,142 :: 		UART1_Write(0x13)
0x00F6	0x3013      	MOVLW      19
0x00F7	0x00AA      	MOVWF      FARG_UART1_Write_data_
0x00F8	0x2070      	CALL       _UART1_Write
;NokiaPIC.mbas,143 :: 		end sub
0x00F9	0x0008      	RETURN
; end of _NK_Call
_Alarm_Disp:
;NokiaPIC.mbas,144 :: 		sub procedure Alarm_Disp 'Accion de Disparo de alarma por RB0
;NokiaPIC.mbas,145 :: 		NK_Sync
0x00FA	0x207A      	CALL       _NK_Sync
;NokiaPIC.mbas,146 :: 		delay_ms(100)
0x00FB	0x3003      	MOVLW      3
0x00FC	0x00FB      	MOVWF      R11
0x00FD	0x308A      	MOVLW      138
0x00FE	0x00FC      	MOVWF      R12
0x00FF	0x3055      	MOVLW      85
0x0100	0x00FD      	MOVWF      R13
L__Alarm_Disp10:
0x0101	0x0BFD      	DECFSZ     R13, 1
0x0102	0x2901      	GOTO       L__Alarm_Disp10
0x0103	0x0BFC      	DECFSZ     R12, 1
0x0104	0x2901      	GOTO       L__Alarm_Disp10
0x0105	0x0BFB      	DECFSZ     R11, 1
0x0106	0x2901      	GOTO       L__Alarm_Disp10
0x0107	0x0000      	NOP
0x0108	0x0000      	NOP
;NokiaPIC.mbas,147 :: 		NK_Rst
0x0109	0x2088      	CALL       _NK_Rst
;NokiaPIC.mbas,148 :: 		delay_ms(100)
0x010A	0x3003      	MOVLW      3
0x010B	0x00FB      	MOVWF      R11
0x010C	0x308A      	MOVLW      138
0x010D	0x00FC      	MOVWF      R12
0x010E	0x3055      	MOVLW      85
0x010F	0x00FD      	MOVWF      R13
L__Alarm_Disp11:
0x0110	0x0BFD      	DECFSZ     R13, 1
0x0111	0x2910      	GOTO       L__Alarm_Disp11
0x0112	0x0BFC      	DECFSZ     R12, 1
0x0113	0x2910      	GOTO       L__Alarm_Disp11
0x0114	0x0BFB      	DECFSZ     R11, 1
0x0115	0x2910      	GOTO       L__Alarm_Disp11
0x0116	0x0000      	NOP
0x0117	0x0000      	NOP
;NokiaPIC.mbas,149 :: 		NK_Call
0x0118	0x20B2      	CALL       _NK_Call
;NokiaPIC.mbas,151 :: 		end sub
0x0119	0x0008      	RETURN
; end of _Alarm_Disp
_UART1_Init:
;__Lib_UART_b21.mpas,32 :: 		
;__Lib_UART_b21.mpas,33 :: 		
0x011A	0x1683      	BSF        STATUS, 5
0x011B	0x1303      	BCF        STATUS, 6
0x011C	0x1698      	BSF        TXSTA, 5
;__Lib_UART_b21.mpas,34 :: 		
0x011D	0x3090      	MOVLW      144
0x011E	0x1283      	BCF        STATUS, 5
0x011F	0x0098      	MOVWF      RCSTA
;__Lib_UART_b21.mpas,35 :: 		
0x0120	0x1683      	BSF        STATUS, 5
0x0121	0x1486      	BSF        TRISB1_bit, 1
;__Lib_UART_b21.mpas,36 :: 		
0x0122	0x1106      	BCF        TRISB2_bit, 2
;__Lib_UART_b21.mpas,37 :: 		
L__UART1_Init2:
0x0123	0x1283      	BCF        STATUS, 5
0x0124	0x1E8C      	BTFSS      PIR1, 5
0x0125	0x2929      	GOTO       L__UART1_Init3
;__Lib_UART_b21.mpas,38 :: 		
0x0126	0x081A      	MOVF       RCREG, 0
0x0127	0x00F0      	MOVWF      R0
0x0128	0x2923      	GOTO       L__UART1_Init2
L__UART1_Init3:
;__Lib_UART_b21.mpas,39 :: 		
0x0129	0x0008      	RETURN
; end of _UART1_Init
_main:
;NokiaPIC.mbas,178 :: 		main:
;NokiaPIC.mbas,199 :: 		TRISA = 0x0F   '0000 1111 PA como salida
0x012A	0x300F      	MOVLW      15
0x012B	0x1683      	BSF        STATUS, 5
0x012C	0x1303      	BCF        STATUS, 6
0x012D	0x0085      	MOVWF      TRISA
;NokiaPIC.mbas,200 :: 		TRISB = 0x0F   '0000 1111 PB como entrada
0x012E	0x300F      	MOVLW      15
0x012F	0x0086      	MOVWF      TRISB
;NokiaPIC.mbas,202 :: 		PORTA = 0x00
0x0130	0x1283      	BCF        STATUS, 5
0x0131	0x0185      	CLRF       PORTA
;NokiaPIC.mbas,205 :: 		UART1_Init(115200)
0x0132	0x300A      	MOVLW      10
0x0133	0x1683      	BSF        STATUS, 5
0x0134	0x0099      	MOVWF      SPBRG
0x0135	0x1518      	BSF        TXSTA, 2
0x0136	0x211A      	CALL       _UART1_Init
;NokiaPIC.mbas,206 :: 		delay_ms(100)
0x0137	0x3003      	MOVLW      3
0x0138	0x00FB      	MOVWF      R11
0x0139	0x308A      	MOVLW      138
0x013A	0x00FC      	MOVWF      R12
0x013B	0x3055      	MOVLW      85
0x013C	0x00FD      	MOVWF      R13
L__main29:
0x013D	0x0BFD      	DECFSZ     R13, 1
0x013E	0x293D      	GOTO       L__main29
0x013F	0x0BFC      	DECFSZ     R12, 1
0x0140	0x293D      	GOTO       L__main29
0x0141	0x0BFB      	DECFSZ     R11, 1
0x0142	0x293D      	GOTO       L__main29
0x0143	0x0000      	NOP
0x0144	0x0000      	NOP
;NokiaPIC.mbas,208 :: 		main_loop:
L__main_main_loop:
;NokiaPIC.mbas,210 :: 		if testbit(PORTA, 2) = 1 then
0x0145	0x01F1      	CLRF       R1
0x0146	0x1D05      	BTFSS      PORTA, 2
0x0147	0x294A      	GOTO       L__main34
0x0148	0x3001      	MOVLW      1
0x0149	0x00F1      	MOVWF      R1
L__main34:
0x014A	0x0871      	MOVF       R1, 0
0x014B	0x3A01      	XORLW      1
0x014C	0x1D03      	BTFSS      STATUS, 2
0x014D	0x295D      	GOTO       L__main32
;NokiaPIC.mbas,211 :: 		PORTB.6 = 1
0x014E	0x1706      	BSF        PORTB, 6
;NokiaPIC.mbas,212 :: 		delay_ms(1000)
0x014F	0x301A      	MOVLW      26
0x0150	0x00FB      	MOVWF      R11
0x0151	0x305E      	MOVLW      94
0x0152	0x00FC      	MOVWF      R12
0x0153	0x306E      	MOVLW      110
0x0154	0x00FD      	MOVWF      R13
L__main35:
0x0155	0x0BFD      	DECFSZ     R13, 1
0x0156	0x2955      	GOTO       L__main35
0x0157	0x0BFC      	DECFSZ     R12, 1
0x0158	0x2955      	GOTO       L__main35
0x0159	0x0BFB      	DECFSZ     R11, 1
0x015A	0x2955      	GOTO       L__main35
0x015B	0x0000      	NOP
;NokiaPIC.mbas,213 :: 		PORTB.6 = 0
0x015C	0x1306      	BCF        PORTB, 6
L__main32:
;NokiaPIC.mbas,215 :: 		if testbit(PORTA, 3) = 1 then
0x015D	0x01F1      	CLRF       R1
0x015E	0x1D85      	BTFSS      PORTA, 3
0x015F	0x2962      	GOTO       L__main39
0x0160	0x3001      	MOVLW      1
0x0161	0x00F1      	MOVWF      R1
L__main39:
0x0162	0x0871      	MOVF       R1, 0
0x0163	0x3A01      	XORLW      1
0x0164	0x1D03      	BTFSS      STATUS, 2
0x0165	0x2975      	GOTO       L__main37
;NokiaPIC.mbas,216 :: 		setbit(PORTB,7)
0x0166	0x1786      	BSF        PORTB, 7
;NokiaPIC.mbas,217 :: 		delay_ms(1000)
0x0167	0x301A      	MOVLW      26
0x0168	0x00FB      	MOVWF      R11
0x0169	0x305E      	MOVLW      94
0x016A	0x00FC      	MOVWF      R12
0x016B	0x306E      	MOVLW      110
0x016C	0x00FD      	MOVWF      R13
L__main40:
0x016D	0x0BFD      	DECFSZ     R13, 1
0x016E	0x296D      	GOTO       L__main40
0x016F	0x0BFC      	DECFSZ     R12, 1
0x0170	0x296D      	GOTO       L__main40
0x0171	0x0BFB      	DECFSZ     R11, 1
0x0172	0x296D      	GOTO       L__main40
0x0173	0x0000      	NOP
;NokiaPIC.mbas,218 :: 		clearbit(PORTB,7)
0x0174	0x1386      	BCF        PORTB, 7
L__main37:
;NokiaPIC.mbas,222 :: 		nop
0x0175	0x0000      	NOP
;NokiaPIC.mbas,223 :: 		nop
0x0176	0x0000      	NOP
;NokiaPIC.mbas,224 :: 		goto main_loop
0x0177	0x2945      	GOTO       L__main_main_loop
0x0178	0x2978      	GOTO       $+0
; end of _main
Symbol List:
//** Routines locations **
//ADDRESS    SIZE    PROCEDURE
//----------------------------------------------
0x0004     [108]    _interrupt
0x0070      [10]    _UART1_Write
0x007A      [14]    _NK_Sync
0x0088      [42]    _NK_Rst
0x00B2      [72]    _NK_Call
0x00FA      [32]    _Alarm_Disp
0x011A      [16]    _UART1_Init
0x012A      [79]    _main
//** Variables locations ** 
//ADDRESS    SIZE    VARIABLE
//----------------------------------------------
0x0000       [1]    INDF
0x0001       [1]    TMR0
0x0002       [1]    PCL
0x0003       [0]    NOT_PD_bit
0x0003       [1]    STATUS
0x0003       [0]    DC_bit
0x0003       [0]    RP0_bit
0x0003       [0]    RP1_bit
0x0003       [0]    Z_bit
0x0003       [0]    C_bit
0x0003       [0]    NOT_TO_bit
0x0003       [0]    IRP_bit
0x0004       [1]    FSRPTR
0x0004       [1]    FSR
0x0005       [0]    RA7_bit
0x0005       [0]    RA6_bit
0x0005       [0]    RA3_bit
0x0005       [1]    PORTA
0x0005       [0]    RA4_bit
0x0005       [0]    RA1_bit
0x0005       [0]    RA0_bit
0x0005       [0]    RA2_bit
0x0005       [0]    RA5_bit
0x0006       [1]    PORTB
0x0006       [0]    RB0_bit
0x0006       [0]    RB5_bit
0x0006       [0]    RB4_bit
0x0006       [0]    RB7_bit
0x0006       [0]    RB6_bit
0x0006       [0]    RB2_bit
0x0006       [0]    RB1_bit
0x0006       [0]    RB3_bit
0x000A       [1]    PCLATH
0x000B       [0]    T0IE_bit
0x000B       [0]    INTE_bit
0x000B       [0]    PEIE_bit
0x000B       [0]    INTF_bit
0x000B       [0]    GIE_bit
0x000B       [0]    T0IF_bit
0x000B       [0]    RBIE_bit
0x000B       [1]    INTCON
0x000B       [0]    RBIF_bit
0x000C       [0]    TMR1IF_bit
0x000C       [0]    EEIF_bit
0x000C       [0]    CCP1IF_bit
0x000C       [0]    TXIF_bit
0x000C       [0]    RCIF_bit
0x000C       [0]    TMR2IF_bit
0x000C       [0]    CMIF_bit
0x000C       [1]    PIR1
0x000E       [1]    TMR1L
0x000F       [1]    TMR1H
0x0010       [0]    NOT_T1SYNC_bit
0x0010       [0]    T1OSCEN_bit
0x0010       [0]    TMR1CS_bit
0x0010       [0]    TMR1ON_bit
0x0010       [1]    T1CON
0x0010       [0]    T1CKPS1_bit
0x0010       [0]    T1CKPS0_bit
0x0011       [1]    TMR2
0x0012       [0]    TMR2ON_bit
0x0012       [0]    TOUTPS1_bit
0x0012       [1]    T2CON
0x0012       [0]    TOUTPS0_bit
0x0012       [0]    TOUTPS3_bit
0x0012       [0]    T2CKPS1_bit
0x0012       [0]    T2CKPS0_bit
0x0012       [0]    TOUTPS2_bit
0x0015       [2]    CCPR1
0x0015       [1]    CCPR1L
0x0016       [1]    CCPR1H
0x0017       [0]    CCP1X_bit
0x0017       [0]    CCP1Y_bit
0x0017       [0]    CCP1M0_bit
0x0017       [1]    CCP1CON
0x0017       [0]    CCP1M1_bit
0x0017       [0]    CCP1M3_bit
0x0017       [0]    CCP1M2_bit
0x0018       [0]    RX9D_bit
0x0018       [0]    RX9_bit
0x0018       [0]    FERR_bit
0x0018       [0]    ADEN_bit
0x0018       [1]    RCSTA
0x0018       [0]    OERR_bit
0x0018       [0]    SPEN_bit
0x0018       [0]    CREN_bit
0x0018       [0]    SREN_bit
0x0019       [1]    TXREG
0x001A       [1]    RCREG
0x001F       [0]    C1INV_bit
0x001F       [1]    CMCON
0x001F       [0]    CM2_bit
0x001F       [0]    CM1_bit
0x001F       [0]    CM0_bit
0x001F       [0]    CIS_bit
0x001F       [0]    C2INV_bit
0x001F       [0]    C1OUT_bit
0x001F       [0]    C2OUT_bit
0x0025       [2]    ___DoICPAddr
0x0027       [1]    ___saveSTATUS
0x0028       [1]    ___savePCLATH
0x0029       [1]    NK_Sync_i
0x002A       [1]    FARG_UART1_Write_data_
0x0070       [1]    R0
0x0071       [1]    R1
0x0072       [1]    R2
0x0073       [1]    R3
0x0074       [1]    R4
0x0075       [1]    R5
0x0076       [1]    R6
0x0077       [1]    R7
0x0078       [1]    R8
0x0079       [1]    R9
0x007A       [1]    R10
0x007B       [1]    R11
0x007C       [1]    R12
0x007D       [1]    R13
0x007E       [1]    R14
0x007F       [1]    R15
0x0081       [1]    OPTION_REG
0x0081       [0]    PS0_bit
0x0081       [0]    PS1_bit
0x0081       [0]    PSA_bit
0x0081       [0]    PS2_bit
0x0081       [0]    T0CS_bit
0x0081       [0]    T0SE_bit
0x0081       [0]    NOT_RBPU_bit
0x0081       [0]    INTEDG_bit
0x0085       [0]    TRISA4_bit
0x0085       [0]    TRISA5_bit
0x0085       [0]    TRISA2_bit
0x0085       [0]    TRISA3_bit
0x0085       [1]    TRISA
0x0085       [0]    TRISA6_bit
0x0085       [0]    TRISA1_bit
0x0085       [0]    TRISA0_bit
0x0085       [0]    TRISA7_bit
0x0086       [1]    TRISB
0x0086       [0]    TRISB1_bit
0x0086       [0]    TRISB7_bit
0x0086       [0]    TRISB6_bit
0x0086       [0]    TRISB0_bit
0x0086       [0]    TRISB3_bit
0x0086       [0]    TRISB2_bit
0x0086       [0]    TRISB4_bit
0x0086       [0]    TRISB5_bit
0x008C       [0]    TXIE_bit
0x008C       [0]    TMR2IE_bit
0x008C       [0]    TMR1IE_bit
0x008C       [0]    RCIE_bit
0x008C       [0]    EEIE_bit
0x008C       [1]    PIE1
0x008C       [0]    CCP1IE_bit
0x008C       [0]    CMIE_bit
0x008E       [0]    NOT_BO_bit
0x008E       [0]    OSCF_bit
0x008E       [1]    PCON
0x008E       [0]    NOT_POR_bit
0x008E       [0]    NOT_BOD_bit
0x008E       [0]    NOT_BOR_bit
0x0092       [1]    PR2
0x0098       [1]    TXSTA
0x0098       [0]    SYNC_bit
0x0098       [0]    BRGH_bit
0x0098       [0]    CSRC_bit
0x0098       [0]    TRMT_bit
0x0098       [0]    TX9D_bit
0x0098       [0]    TXEN_bit
0x0098       [0]    TX9_bit
0x0099       [1]    SPBRG
0x009A       [1]    EEDATA
0x009B       [1]    EEADR
0x009C       [0]    RD_bit
0x009C       [1]    EECON1
0x009C       [0]    WR_bit
0x009C       [0]    WREN_bit
0x009C       [0]    WRERR_bit
0x009D       [1]    EECON2
0x009F       [0]    VRR_bit
0x009F       [0]    VR3_bit
0x009F       [0]    VREN_bit
0x009F       [0]    VROE_bit
0x009F       [0]    VR0_bit
0x009F       [1]    VRCON
0x009F       [0]    VR2_bit
0x009F       [0]    VR1_bit
//** Label List: ** 
//----------------------------------------------
  L_end__NK_Rst
  L_end__NK_Sync
  L__NK_Sync2
  L__NK_Sync3
  L__NK_Sync4
  L__NK_Sync5
  L__NK_Sync6
  L_end__NK_SMS
  L_end__NK_Call
  L_end__Alarm_Disp
  L__Alarm_Disp10
  L__Alarm_Disp11
  L_end__interrupt
  L__interrupt13
  L__interrupt14
  L__interrupt15
  L__interrupt16
  L__interrupt17
  L__interrupt18
  L__interrupt19
  L__interrupt20
  L__interrupt21
  L__interrupt22
  L__interrupt23
  L__interrupt24
  L__interrupt25
  L__interrupt26
  L__interrupt27
  L_end__main
  L__main29
  L__main_main_loop
  L__main31
  L__main32
  L__main33
  L__main34
  L__main35
  L__main36
  L__main37
  L__main38
  L__main39
  L__main40
  _NK_Rst
  _NK_Sync
  _NK_SMS
  _NK_Call
  _Alarm_Disp
  _interrupt
  L__interrupt41
  _main
  L_end__UART1_Init
  L__UART1_Init1
  L__UART1_Init2
  L__UART1_Init3
  L__UART1_Init4
  L__UART1_Init5
  L_end__UART1_Data_Ready
  L_end__UART1_Read
  L__UART1_Read8
  L__UART1_Read9
  L__UART1_Read10
  L_end__UART1_TX_Idle
  L_end__UART1_Write
  L__UART1_Write13
  L__UART1_Write14
  L__UART1_Write15
  L__UART1_Write16
  L__UART1_Write17
  L_end__UART1_Write_Text
  L__UART1_Write_Text19
  L__UART1_Write_Text20
  L__UART1_Write_Text21
  L__UART1_Write_Text22
  L__UART1_Write_Text23
  L_end__UART1_Read_Text
  L__UART1_Read_Text25
  L__UART1_Read_Text26
  L__UART1_Read_Text27
  L__UART1_Read_Text28
  L__UART1_Read_Text29
  L__UART1_Read_Text30
  L__UART1_Read_Text31
  L__UART1_Read_Text32
  L__UART1_Read_Text33
  L__UART1_Read_Text34
  L__UART1_Read_Text35
  L__UART1_Read_Text36
  L__UART1_Read_Text37
  L__UART1_Read_Text38
  L__UART1_Read_Text39
  L__UART1_Read_Text40
  L__UART1_Read_Text41
  L__UART1_Read_Text42
  L__UART1_Read_Text43
  L__UART1_Read_Text44
  L__UART1_Read_Text45
  L__UART1_Read_Text46
  _UART1_Init
  _UART1_Data_Ready
  _UART1_Read
  _UART1_TX_Idle
  _UART1_Write
  _UART1_Write_Text
  _UART1_Read_Text
  L_end__NK_Rst
  L_end__NK_Sync
  L__NK_Sync2
  L__NK_Sync3
  L__NK_Sync4
  L__NK_Sync5
  L__NK_Sync6
  L_end__NK_SMS
  L_end__NK_Call
  L_end__Alarm_Disp
  L__Alarm_Disp10
  L__Alarm_Disp11
  L_end__interrupt
  L__interrupt13
  L__interrupt14
  L__interrupt15
  L__interrupt16
  L__interrupt17
  L__interrupt18
  L__interrupt19
  L__interrupt20
  L__interrupt21
  L__interrupt22
  L__interrupt23
  L__interrupt24
  L__interrupt25
  L__interrupt26
  L__interrupt27
  L_end__main
  L__main29
  L__main_main_loop
  L__main31
  L__main32
  L__main33
  L__main34
  L__main35
  L__main36
  L__main37
  L__main38
  L__main39
  L__main40
  _NK_Rst
  _NK_Sync
  _NK_SMS
  _NK_Call
  _Alarm_Disp
  _interrupt
  L__interrupt41
  _main
  L_end__UART1_Init
  L__UART1_Init1
  L__UART1_Init2
  L__UART1_Init3
  L__UART1_Init4
  L__UART1_Init5
  L_end__UART1_Data_Ready
  L_end__UART1_Read
  L__UART1_Read8
  L__UART1_Read9
  L__UART1_Read10
  L_end__UART1_TX_Idle
  L_end__UART1_Write
  L__UART1_Write13
  L__UART1_Write14
  L__UART1_Write15
  L__UART1_Write16
  L__UART1_Write17
  L_end__UART1_Write_Text
  L__UART1_Write_Text19
  L__UART1_Write_Text20
  L__UART1_Write_Text21
  L__UART1_Write_Text22
  L__UART1_Write_Text23
  L_end__UART1_Read_Text
  L__UART1_Read_Text25
  L__UART1_Read_Text26
  L__UART1_Read_Text27
  L__UART1_Read_Text28
  L__UART1_Read_Text29
  L__UART1_Read_Text30
  L__UART1_Read_Text31
  L__UART1_Read_Text32
  L__UART1_Read_Text33
  L__UART1_Read_Text34
  L__UART1_Read_Text35
  L__UART1_Read_Text36
  L__UART1_Read_Text37
  L__UART1_Read_Text38
  L__UART1_Read_Text39
  L__UART1_Read_Text40
  L__UART1_Read_Text41
  L__UART1_Read_Text42
  L__UART1_Read_Text43
  L__UART1_Read_Text44
  L__UART1_Read_Text45
  L__UART1_Read_Text46
  _UART1_Init
  _UART1_Data_Ready
  _UART1_Read
  _UART1_TX_Idle
  _UART1_Write
  _UART1_Write_Text
  _UART1_Read_Text
